<?xml version="1.0" encoding="UTF-8"?>
<testsuite xmlns:xsi="http://www.w3.org/2001/XMLSchema-instance" xsi:noNamespaceSchemaLocation="https://maven.apache.org/surefire/maven-surefire-plugin/xsd/surefire-test-report-3.0.xsd" version="3.0" name="icai.dtc.isw.domain.AnuncioTest" time="0.025" tests="5" errors="0" skipped="0" failures="0">
  <properties>
[...]
</properties>
  <testcase name="toString_contieneCamposClave" classname="icai.dtc.isw.domain.AnuncioTest" time="0.015"/>
  <testcase name="precio_debeSerPositivo" classname="icai.dtc.isw.domain.AnuncioTest" time="0.001"/>
  <testcase name="timestamps_puedenAsignarse" classname="icai.dtc.isw.domain.AnuncioTest" time="0.002"/>
  <testcase name="alias_getEmpresaNif_coincideConNifEmpresa" classname="icai.dtc.isw.domain.AnuncioTest" time="0.001"/>
  <testcase name="gettersSetters_basicos" classname="icai.dtc.isw.domain.AnuncioTest" time="0.001"/>
</testsuite>